This is pdfTeX, Version 3.141592653-2.6-1.40.24 (TeX Live 2022/TeX Live for SUSE Linux) (preloaded format=pdflatex 2022.6.12)  13 JUN 2022 09:31
entering extended mode
 restricted \write18 enabled.
 %&-line parsing enabled.
**Article.tex
(./Article.tex
LaTeX2e <2021-11-15> patch level 1
L3 programming layer <2022-02-24> (/usr/share/texmf/tex/latex/base/report.cls
Document Class: report 2021/10/04 v1.4n Standard LaTeX document class
(/usr/share/texmf/tex/latex/base/size10.clo
File: size10.clo 2021/10/04 v1.4n Standard LaTeX file (size option)
)
\c@part=\count185
\c@chapter=\count186
\c@section=\count187
\c@subsection=\count188
\c@subsubsection=\count189
\c@paragraph=\count190
\c@subparagraph=\count191
\c@figure=\count192
\c@table=\count193
\abovecaptionskip=\skip47
\belowcaptionskip=\skip48
\bibindent=\dimen138
)
(/usr/share/texmf/tex/generic/babel/babel.sty
Package: babel 2022/02/26 3.73 The Babel package
\babel@savecnt=\count194
\U@D=\dimen139
\l@unhyphenated=\language53

(/usr/share/texmf/tex/generic/babel/txtbabel.def)
\bbl@readstream=\read2
\bbl@dirlevel=\count195

(/usr/share/texmf/tex/generic/babel-spanish/spanish.ldf
Language: spanish.ldf 2021/05/27 v5.0q Spanish support from the babel system
\es@quottoks=\toks16
\es@quotdepth=\count196
Package babel Info: Making " an active character on input line 570.
Package babel Info: Making . an active character on input line 675.
Package babel Info: Making < an active character on input line 722.
Package babel Info: Making > an active character on input line 722.
))
(/usr/share/texmf/tex/latex/base/inputenc.sty
Package: inputenc 2021/02/14 v1.3d Input encoding file
\inpenc@prehook=\toks17
\inpenc@posthook=\toks18
)
(/usr/share/texmf/tex/latex/graphics/graphicx.sty
Package: graphicx 2021/09/16 v1.2d Enhanced LaTeX Graphics (DPC,SPQR)

(/usr/share/texmf/tex/latex/graphics/keyval.sty
Package: keyval 2014/10/28 v1.15 key=value parser (DPC)
\KV@toks@=\toks19
)
(/usr/share/texmf/tex/latex/graphics/graphics.sty
Package: graphics 2021/03/04 v1.4d Standard LaTeX Graphics (DPC,SPQR)

(/usr/share/texmf/tex/latex/graphics/trig.sty
Package: trig 2021/08/11 v1.11 sin cos tan (DPC)
)
(/usr/share/texmf/tex/latex/graphics-cfg/graphics.cfg
File: graphics.cfg 2016/06/04 v1.11 sample graphics configuration
)
Package graphics Info: Driver file: pdftex.def on input line 107.

(/usr/share/texmf/tex/latex/graphics-def/pdftex.def
File: pdftex.def 2020/10/05 v1.2a Graphics/color driver for pdftex
))
\Gin@req@height=\dimen140
\Gin@req@width=\dimen141
)
(/usr/share/texmf/tex/latex/caption/caption.sty
Package: caption 2022/03/01 v3.6b Customizing captions (AR)

(/usr/share/texmf/tex/latex/caption/caption3.sty
Package: caption3 2022/03/17 v2.3b caption3 kernel (AR)
\caption@tempdima=\dimen142
\captionmargin=\dimen143
\caption@leftmargin=\dimen144
\caption@rightmargin=\dimen145
\caption@width=\dimen146
\caption@indent=\dimen147
\caption@parindent=\dimen148
\caption@hangindent=\dimen149
Package caption Info: Standard document class detected.
)
\c@caption@flags=\count197
\c@continuedfloat=\count198
)

! LaTeX Error: File `vmargin.sty' not found.

Type X to quit or <RETURN> to proceed,
or enter new name. (Default extension: sty)

Enter file name: 
(/usr/share/texmf/tex/latex/tools/multicol.sty
Package: multicol 2021/10/28 v1.9b multicolumn formatting (FMi)
\c@tracingmulticols=\count199
\mult@box=\box50
\multicol@leftmargin=\dimen150
\c@unbalance=\count266
\c@collectmore=\count267
\doublecol@number=\count268
\multicoltolerance=\count269
\multicolpretolerance=\count270
\full@width=\dimen151
\page@free=\dimen152
\premulticols=\dimen153
\postmulticols=\dimen154
\multicolsep=\skip49
\multicolbaselineskip=\skip50
\partial@page=\box51
\last@line=\box52
\maxbalancingoverflow=\dimen155
\mult@rightbox=\box53
\mult@grightbox=\box54
\mult@firstbox=\box55
\mult@gfirstbox=\box56
\@tempa=\box57
\@tempa=\box58
\@tempa=\box59
\@tempa=\box60
\@tempa=\box61
\@tempa=\box62
\@tempa=\box63
\@tempa=\box64
\@tempa=\box65
\@tempa=\box66
\@tempa=\box67
\@tempa=\box68
\@tempa=\box69
\@tempa=\box70
\@tempa=\box71
\@tempa=\box72
\@tempa=\box73
\@tempa=\box74
\@tempa=\box75
\@tempa=\box76
\@tempa=\box77
\@tempa=\box78
\@tempa=\box79
\@tempa=\box80
\@tempa=\box81
\@tempa=\box82
\@tempa=\box83
\@tempa=\box84
\@tempa=\box85
\@tempa=\box86
\@tempa=\box87
\@tempa=\box88
\@tempa=\box89
\@tempa=\box90
\@tempa=\box91
\@tempa=\box92
\c@minrows=\count271
\c@columnbadness=\count272
\c@finalcolumnbadness=\count273
\last@try=\dimen156
\multicolovershoot=\dimen157
\multicolundershoot=\dimen158
\mult@nat@firstbox=\box93
\colbreak@box=\box94
\mc@col@check@num=\count274
)
! Undefined control sequence.
<recently read> \setmargins 
                            
l.11 \setmargins
                {1.73cm}
? 

! LaTeX Error: Missing \begin{document}.

See the LaTeX manual or LaTeX Companion for explanation.
Type  H <return>  for immediate help.
 ...                                              
                                                  
l.11 \setmargins{1
                  .73cm}
? 
(/usr/share/texmf/tex/latex/l3backend/l3backend-pdftex.def
File: l3backend-pdftex.def 2022-02-07 L3 backend support: PDF output (pdfTeX)
\l__color_backend_stack_int=\count275
\l__pdf_internal_box=\box95
)

LaTeX Warning: Unused global option(s):
    [9pt].

(./Article.aux
LaTeX Info: Redefining \. on input line 12.
LaTeX Info: Redefining \% on input line 12.
)
\openout1 = `Article.aux'.

LaTeX Font Info:    Checking defaults for OML/cmm/m/it on input line 24.
LaTeX Font Info:    ... okay on input line 24.
LaTeX Font Info:    Checking defaults for OMS/cmsy/m/n on input line 24.
LaTeX Font Info:    ... okay on input line 24.
LaTeX Font Info:    Checking defaults for OT1/cmr/m/n on input line 24.
LaTeX Font Info:    ... okay on input line 24.
LaTeX Font Info:    Checking defaults for T1/cmr/m/n on input line 24.
LaTeX Font Info:    ... okay on input line 24.
LaTeX Font Info:    Checking defaults for TS1/cmr/m/n on input line 24.
LaTeX Font Info:    ... okay on input line 24.
LaTeX Font Info:    Checking defaults for OMX/cmex/m/n on input line 24.
LaTeX Font Info:    ... okay on input line 24.
LaTeX Font Info:    Checking defaults for U/cmr/m/n on input line 24.
LaTeX Font Info:    ... okay on input line 24.
LaTeX Info: Redefining \. on input line 24.
LaTeX Info: Redefining \% on input line 24.
 (/usr/share/texmf/tex/context/base/mkii/supp-pdf.mkii
[Loading MPS to PDF converter (version 2006.09.02).]
\scratchcounter=\count276
\scratchdimen=\dimen159
\scratchbox=\box96
\nofMPsegments=\count277
\nofMParguments=\count278
\everyMPshowfont=\toks20
\MPscratchCnt=\count279
\MPscratchDim=\dimen160
\MPnumerator=\count280
\makeMPintoPDFobject=\count281
\everyMPtoPDFconversion=\toks21
) (/usr/share/texmf/tex/latex/epstopdf-pkg/epstopdf-base.sty
Package: epstopdf-base 2020-01-24 v2.11 Base part for package epstopdf
Package epstopdf-base Info: Redefining graphics rule for `.eps' on input line 4
85.

(/usr/share/texmf/tex/latex/latexconfig/epstopdf-sys.cfg
File: epstopdf-sys.cfg 2010/07/13 v1.3 Configuration of (r)epstopdf for TeX Liv
e
))
Package caption Info: Begin \AtBeginDocument code.
Package caption Info: End \AtBeginDocument code.
LaTeX Font Info:    External font `cmex10' loaded for size
(Font)              <7> on input line 44.
LaTeX Font Info:    External font `cmex10' loaded for size
(Font)              <5> on input line 44.
<TendenciasHomicidios2015-2020.png, id=1, 856.19875pt x 400.49625pt>
File: TendenciasHomicidios2015-2020.png Graphic file (type png)
<use TendenciasHomicidios2015-2020.png>
Package pdftex.def Info: TendenciasHomicidios2015-2020.png  used on input line 
46.
(pdftex.def)             Requested size: 167.5pt x 78.35005pt.
 [1

{/var/lib/texmf/fonts/map/pdftex/updmap/pdftex.map} <./TendenciasHomicidios2015
-2020.png>]
[2] [3] [4]
<1.png, id=21, 364.2408pt x 357.9774pt>
File: 1.png Graphic file (type png)
<use 1.png>
Package pdftex.def Info: 1.png  used on input line 94.
(pdftex.def)             Requested size: 167.5pt x 164.61697pt.

Overfull \hbox (10.00002pt too wide) in paragraph at lines 93--97
 [] $[]$ 
 []

<2.png, id=23, 353.6412pt x 221.628pt>
File: 2.png Graphic file (type png)
<use 2.png>
Package pdftex.def Info: 2.png  used on input line 101.
(pdftex.def)             Requested size: 167.5pt x 104.97679pt.
<3.png, id=24, 388.6155pt x 190.8585pt>
File: 3.png Graphic file (type png)
<use 3.png>
Package pdftex.def Info: 3.png  used on input line 108.
(pdftex.def)             Requested size: 167.5pt x 82.26266pt.
[5 <./1.png> <./2.png>]
<4.png, id=30, 212.4738pt x 196.5744pt>
File: 4.png Graphic file (type png)
<use 4.png>
Package pdftex.def Info: 4.png  used on input line 119.
(pdftex.def)             Requested size: 167.5pt x 154.96812pt.
 [6 <./3.png>]
<5.png, id=35, 443.40656pt x 199.49532pt>
File: 5.png Graphic file (type png)
<use 5.png>
Package pdftex.def Info: 5.png  used on input line 126.
(pdftex.def)             Requested size: 167.5pt x 75.36153pt.
<6.png, id=36, 252.19218pt x 226.59656pt>
File: 6.png Graphic file (type png)
<use 6.png>
Package pdftex.def Info: 6.png  used on input line 135.
(pdftex.def)             Requested size: 167.5pt x 150.50156pt.
 [7 <./4.png> <./5.png> <./6.png>]
<7.png, id=44, 443.40656pt x 239.39438pt>
File: 7.png Graphic file (type png)
<use 7.png>
Package pdftex.def Info: 7.png  used on input line 148.
(pdftex.def)             Requested size: 167.5pt x 90.43382pt.
<8.png, id=45, 443.40656pt x 239.39438pt>
File: 8.png Graphic file (type png)
<use 8.png>
Package pdftex.def Info: 8.png  used on input line 155.
(pdftex.def)             Requested size: 167.5pt x 90.43382pt.
<9.png, id=46, 443.40656pt x 239.39438pt>
File: 9.png Graphic file (type png)
<use 9.png>
Package pdftex.def Info: 9.png  used on input line 162.
(pdftex.def)             Requested size: 167.5pt x 90.43382pt.
<10.png, id=47, 443.40656pt x 239.39438pt>
File: 10.png Graphic file (type png)
<use 10.png>
Package pdftex.def Info: 10.png  used on input line 169.
(pdftex.def)             Requested size: 167.5pt x 90.43382pt.

[8 <./7.png> <./8.png> <./9.png>]
<11.png, id=54, 443.40656pt x 239.39438pt>
File: 11.png Graphic file (type png)
<use 11.png>
Package pdftex.def Info: 11.png  used on input line 176.
(pdftex.def)             Requested size: 167.5pt x 90.43382pt.
 [9 <./10.png> <./11.png>]
Underfull \hbox (badness 10000) in paragraph at lines 185--186
[]\OT1/cmr/m/n/10 IEP M^^Sexi-co, ``In-di-
 []


Underfull \hbox (badness 10000) in paragraph at lines 185--186
\OT1/cmr/m/n/10 ce de Paz en M^^Sexi-
 []


Overfull \hbox (51.75046pt too wide) in paragraph at lines 185--186
\OT1/cmr/m/n/10 https://www.indicedepazmexico.org/violencia-
 []


Underfull \hbox (badness 10000) in paragraph at lines 187--188
\OT1/cmr/m/n/10 ,Mr.CH.HARSHAVARDHAN
 []

[10] (./Article.aux
LaTeX Info: Redefining \. on input line 12.
LaTeX Info: Redefining \% on input line 12.
) ) 
Here is how much of TeX's memory you used:
 4255 strings out of 479305
 72217 string characters out of 5872607
 387548 words of memory out of 5000000
 22305 multiletter control sequences out of 15000+600000
 471678 words of font info for 36 fonts, out of 8000000 for 9000
 475 hyphenation exceptions out of 8191
 55i,6n,63p,1460b,372s stack positions out of 10000i,1000n,20000p,200000b,200000s
</usr/share/texmf/fonts/type1/public/amsfonts/cm/cmbx10.pfb></usr/share/texm
f/fonts/type1/public/amsfonts/cm/cmbx12.pfb></usr/share/texmf/fonts/type1/publi
c/amsfonts/cm/cmcsc10.pfb></usr/share/texmf/fonts/type1/public/amsfonts/cm/cmr1
0.pfb></usr/share/texmf/fonts/type1/public/amsfonts/cm/cmr12.pfb>
Output written on Article.pdf (10 pages, 3270146 bytes).
PDF statistics:
 86 PDF objects out of 1000 (max. 8388607)
 40 compressed objects within 1 object stream
 0 named destinations out of 1000 (max. 500000)
 61 words of extra memory for PDF output out of 10000 (max. 10000000)

